c:\快盘\develop\vs2013\huizhaographicresearch\opensource\rtsc\gluit\x64\debug\vc120.pdb
c:\快盘\develop\vs2013\huizhaographicresearch\opensource\rtsc\gluit\x64\debug\vc120.idb
c:\快盘\develop\vs2013\huizhaographicresearch\opensource\rtsc\gluit\x64\debug\freeglut_font_data.obj
c:\快盘\develop\vs2013\huizhaographicresearch\opensource\rtsc\gluit\x64\debug\freeglut_gamemode.obj
c:\快盘\develop\vs2013\huizhaographicresearch\opensource\rtsc\gluit\x64\debug\freeglut_geometry.obj
c:\快盘\develop\vs2013\huizhaographicresearch\opensource\rtsc\gluit\x64\debug\freeglut_glutfont_definitions.obj
c:\快盘\develop\vs2013\huizhaographicresearch\opensource\rtsc\gluit\x64\debug\freeglut_init.obj
c:\快盘\develop\vs2013\huizhaographicresearch\opensource\rtsc\gluit\x64\debug\freeglut_input_devices.obj
c:\快盘\develop\vs2013\huizhaographicresearch\opensource\rtsc\gluit\x64\debug\freeglut_joystick.obj
c:\快盘\develop\vs2013\huizhaographicresearch\opensource\rtsc\gluit\x64\debug\freeglut_main.obj
c:\快盘\develop\vs2013\huizhaographicresearch\opensource\rtsc\gluit\x64\debug\freeglut_menu.obj
c:\快盘\develop\vs2013\huizhaographicresearch\opensource\rtsc\gluit\x64\debug\freeglut_misc.obj
c:\快盘\develop\vs2013\huizhaographicresearch\opensource\rtsc\gluit\x64\debug\freeglut_overlay.obj
c:\快盘\develop\vs2013\huizhaographicresearch\opensource\rtsc\gluit\x64\debug\freeglut_spaceball.obj
c:\快盘\develop\vs2013\huizhaographicresearch\opensource\rtsc\gluit\x64\debug\freeglut_state.obj
c:\快盘\develop\vs2013\huizhaographicresearch\opensource\rtsc\gluit\x64\debug\freeglut_stroke_mono_roman.obj
c:\快盘\develop\vs2013\huizhaographicresearch\opensource\rtsc\gluit\x64\debug\freeglut_stroke_roman.obj
c:\快盘\develop\vs2013\huizhaographicresearch\opensource\rtsc\gluit\x64\debug\freeglut_structure.obj
c:\快盘\develop\vs2013\huizhaographicresearch\opensource\rtsc\gluit\x64\debug\freeglut_teapot.obj
c:\快盘\develop\vs2013\huizhaographicresearch\opensource\rtsc\gluit\x64\debug\freeglut_videoresize.obj
c:\快盘\develop\vs2013\huizhaographicresearch\opensource\rtsc\gluit\x64\debug\freeglut_window.obj
c:\快盘\develop\vs2013\huizhaographicresearch\opensource\rtsc\gluit\x64\debug\freeglut_xinput.obj
c:\快盘\develop\vs2013\huizhaographicresearch\opensource\rtsc\gluit\x64\debug\freeglut_callbacks.obj
c:\快盘\develop\vs2013\huizhaographicresearch\opensource\rtsc\gluit\x64\debug\freeglut_cursor.obj
c:\快盘\develop\vs2013\huizhaographicresearch\opensource\rtsc\gluit\x64\debug\freeglut_display.obj
c:\快盘\develop\vs2013\huizhaographicresearch\opensource\rtsc\gluit\x64\debug\freeglut_ext.obj
c:\快盘\develop\vs2013\huizhaographicresearch\opensource\rtsc\gluit\x64\debug\freeglut_font.obj
c:\快盘\develop\vs2013\huizhaographicresearch\bin\debug\freeglut.lib
c:\快盘\develop\vs2013\huizhaographicresearch\bin\debug\freeglut.exp
c:\快盘\develop\vs2013\huizhaographicresearch\bin\debug\freeglut.ilk
c:\快盘\develop\vs2013\huizhaographicresearch\bin\debug\freeglut.dll
c:\快盘\develop\vs2013\huizhaographicresearch\bin\debug\freeglut.pdb
c:\快盘\develop\vs2013\huizhaographicresearch\framework\..\bin\debug\freeglut.pdb
c:\快盘\develop\vs2013\huizhaographicresearch\framework\..\bin\debug\freeglut.dll
c:\快盘\develop\vs2013\huizhaographicresearch\framework\..\bin\debug\freeglut.ilk
c:\快盘\develop\vs2013\huizhaographicresearch\opensource\rtsc\gluit\x64\debug\gluit.tlog\cl.command.1.tlog
c:\快盘\develop\vs2013\huizhaographicresearch\opensource\rtsc\gluit\x64\debug\gluit.tlog\cl.read.1.tlog
c:\快盘\develop\vs2013\huizhaographicresearch\opensource\rtsc\gluit\x64\debug\gluit.tlog\cl.write.1.tlog
c:\快盘\develop\vs2013\huizhaographicresearch\opensource\rtsc\gluit\x64\debug\gluit.tlog\gluit.write.1u.tlog
c:\快盘\develop\vs2013\huizhaographicresearch\opensource\rtsc\gluit\x64\debug\gluit.tlog\link.command.1.tlog
c:\快盘\develop\vs2013\huizhaographicresearch\opensource\rtsc\gluit\x64\debug\gluit.tlog\link.read.1.tlog
c:\快盘\develop\vs2013\huizhaographicresearch\opensource\rtsc\gluit\x64\debug\gluit.tlog\link.write.1.tlog
