c:\users\xiaoling\desktop\rtsc\gluit\x64\debug\vc120.pdb
c:\users\xiaoling\desktop\rtsc\gluit\x64\debug\vc120.idb
c:\users\xiaoling\desktop\rtsc\gluit\x64\debug\freeglut_font_data.obj
c:\users\xiaoling\desktop\rtsc\gluit\x64\debug\freeglut_gamemode.obj
c:\users\xiaoling\desktop\rtsc\gluit\x64\debug\freeglut_geometry.obj
c:\users\xiaoling\desktop\rtsc\gluit\x64\debug\freeglut_glutfont_definitions.obj
c:\users\xiaoling\desktop\rtsc\gluit\x64\debug\freeglut_init.obj
c:\users\xiaoling\desktop\rtsc\gluit\x64\debug\freeglut_input_devices.obj
c:\users\xiaoling\desktop\rtsc\gluit\x64\debug\freeglut_joystick.obj
c:\users\xiaoling\desktop\rtsc\gluit\x64\debug\freeglut_main.obj
c:\users\xiaoling\desktop\rtsc\gluit\x64\debug\freeglut_menu.obj
c:\users\xiaoling\desktop\rtsc\gluit\x64\debug\freeglut_misc.obj
c:\users\xiaoling\desktop\rtsc\gluit\x64\debug\freeglut_overlay.obj
c:\users\xiaoling\desktop\rtsc\gluit\x64\debug\freeglut_spaceball.obj
c:\users\xiaoling\desktop\rtsc\gluit\x64\debug\freeglut_state.obj
c:\users\xiaoling\desktop\rtsc\gluit\x64\debug\freeglut_stroke_mono_roman.obj
c:\users\xiaoling\desktop\rtsc\gluit\x64\debug\freeglut_stroke_roman.obj
c:\users\xiaoling\desktop\rtsc\gluit\x64\debug\freeglut_structure.obj
c:\users\xiaoling\desktop\rtsc\gluit\x64\debug\freeglut_teapot.obj
c:\users\xiaoling\desktop\rtsc\gluit\x64\debug\freeglut_videoresize.obj
c:\users\xiaoling\desktop\rtsc\gluit\x64\debug\freeglut_window.obj
c:\users\xiaoling\desktop\rtsc\gluit\x64\debug\freeglut_xinput.obj
c:\users\xiaoling\desktop\rtsc\gluit\x64\debug\freeglut_callbacks.obj
c:\users\xiaoling\desktop\rtsc\gluit\x64\debug\freeglut_cursor.obj
c:\users\xiaoling\desktop\rtsc\gluit\x64\debug\freeglut_display.obj
c:\users\xiaoling\desktop\rtsc\gluit\x64\debug\freeglut_ext.obj
c:\users\xiaoling\desktop\rtsc\gluit\x64\debug\freeglut_font.obj
c:\users\xiaoling\desktop\rtsc\bin\debug\freeglut64.lib
c:\users\xiaoling\desktop\rtsc\bin\debug\freeglut64.exp
c:\users\xiaoling\desktop\rtsc\bin\debug\freeglut64.ilk
c:\users\xiaoling\desktop\rtsc\bin\debug\freeglut64.dll
c:\users\xiaoling\desktop\rtsc\bin\debug\freeglut64.pdb
c:\users\xiaoling\desktop\rtsc\gluit\x64\debug\gluit.tlog\cl.command.1.tlog
c:\users\xiaoling\desktop\rtsc\gluit\x64\debug\gluit.tlog\cl.read.1.tlog
c:\users\xiaoling\desktop\rtsc\gluit\x64\debug\gluit.tlog\cl.write.1.tlog
c:\users\xiaoling\desktop\rtsc\gluit\x64\debug\gluit.tlog\gluit.write.1u.tlog
c:\users\xiaoling\desktop\rtsc\gluit\x64\debug\gluit.tlog\link.command.1.tlog
c:\users\xiaoling\desktop\rtsc\gluit\x64\debug\gluit.tlog\link.read.1.tlog
c:\users\xiaoling\desktop\rtsc\gluit\x64\debug\gluit.tlog\link.write.1.tlog
