c:\快盘\develop\vs2013\huizhaographicresearch\opensource\rtsc\trimesh\x64\debug\vc120.pdb
c:\快盘\develop\vs2013\huizhaographicresearch\opensource\rtsc\trimesh\x64\debug\vc120.idb
c:\快盘\develop\vs2013\huizhaographicresearch\opensource\rtsc\trimesh\x64\debug\edgeflip.obj
c:\快盘\develop\vs2013\huizhaographicresearch\opensource\rtsc\trimesh\x64\debug\faceflip.obj
c:\快盘\develop\vs2013\huizhaographicresearch\opensource\rtsc\trimesh\x64\debug\filter.obj
c:\快盘\develop\vs2013\huizhaographicresearch\opensource\rtsc\trimesh\x64\debug\glcamera.obj
c:\快盘\develop\vs2013\huizhaographicresearch\opensource\rtsc\trimesh\x64\debug\icp.obj
c:\快盘\develop\vs2013\huizhaographicresearch\opensource\rtsc\trimesh\x64\debug\kdtree.obj
c:\快盘\develop\vs2013\huizhaographicresearch\opensource\rtsc\trimesh\x64\debug\lmsmooth.obj
c:\快盘\develop\vs2013\huizhaographicresearch\opensource\rtsc\trimesh\x64\debug\overlap.obj
c:\快盘\develop\vs2013\huizhaographicresearch\opensource\rtsc\trimesh\x64\debug\remove.obj
c:\快盘\develop\vs2013\huizhaographicresearch\opensource\rtsc\trimesh\x64\debug\reorder_verts.obj
c:\快盘\develop\vs2013\huizhaographicresearch\opensource\rtsc\trimesh\x64\debug\subdiv.obj
c:\快盘\develop\vs2013\huizhaographicresearch\opensource\rtsc\trimesh\x64\debug\trimesh_bounding.obj
c:\快盘\develop\vs2013\huizhaographicresearch\opensource\rtsc\trimesh\x64\debug\trimesh_connectivity.obj
c:\快盘\develop\vs2013\huizhaographicresearch\opensource\rtsc\trimesh\x64\debug\trimesh_curvature.obj
c:\快盘\develop\vs2013\huizhaographicresearch\opensource\rtsc\trimesh\x64\debug\trimesh_grid.obj
c:\快盘\develop\vs2013\huizhaographicresearch\opensource\rtsc\trimesh\x64\debug\trimesh_io.obj
c:\快盘\develop\vs2013\huizhaographicresearch\opensource\rtsc\trimesh\x64\debug\trimesh_normals.obj
c:\快盘\develop\vs2013\huizhaographicresearch\opensource\rtsc\trimesh\x64\debug\trimesh_pointareas.obj
c:\快盘\develop\vs2013\huizhaographicresearch\opensource\rtsc\trimesh\x64\debug\trimesh_stats.obj
c:\快盘\develop\vs2013\huizhaographicresearch\opensource\rtsc\trimesh\x64\debug\trimesh_tstrips.obj
c:\快盘\develop\vs2013\huizhaographicresearch\opensource\rtsc\trimesh\x64\debug\conn_comps.obj
c:\快盘\develop\vs2013\huizhaographicresearch\opensource\rtsc\trimesh\x64\debug\diffuse.obj
c:\快盘\develop\vs2013\huizhaographicresearch\bin\debug\trimesh64.lib
c:\快盘\develop\vs2013\huizhaographicresearch\framework\..\bin\debug\trimesh64.lib
c:\快盘\develop\vs2013\huizhaographicresearch\opensource\rtsc\trimesh\x64\debug\trimesh.tlog\cl.command.1.tlog
c:\快盘\develop\vs2013\huizhaographicresearch\opensource\rtsc\trimesh\x64\debug\trimesh.tlog\cl.read.1.tlog
c:\快盘\develop\vs2013\huizhaographicresearch\opensource\rtsc\trimesh\x64\debug\trimesh.tlog\cl.write.1.tlog
c:\快盘\develop\vs2013\huizhaographicresearch\opensource\rtsc\trimesh\x64\debug\trimesh.tlog\lib-link.read.1.tlog
c:\快盘\develop\vs2013\huizhaographicresearch\opensource\rtsc\trimesh\x64\debug\trimesh.tlog\lib-link.write.1.tlog
c:\快盘\develop\vs2013\huizhaographicresearch\opensource\rtsc\trimesh\x64\debug\trimesh.tlog\lib.command.1.tlog
