F:\MyProjects\trimesh\\lib\freeglut_static.lib
F:\MyProjects\trimesh\gluit\Debug_Static\cl.command.1.tlog
F:\MyProjects\trimesh\gluit\Debug_Static\CL.read.1.tlog
F:\MyProjects\trimesh\gluit\Debug_Static\CL.write.1.tlog
F:\MYPROJECTS\TRIMESH\GLUIT\DEBUG_STATIC\FREEGLUT_CALLBACKS.OBJ
F:\MYPROJECTS\TRIMESH\GLUIT\DEBUG_STATIC\FREEGLUT_CURSOR.OBJ
F:\MYPROJECTS\TRIMESH\GLUIT\DEBUG_STATIC\FREEGLUT_DISPLAY.OBJ
F:\MYPROJECTS\TRIMESH\GLUIT\DEBUG_STATIC\FREEGLUT_EXT.OBJ
F:\MYPROJECTS\TRIMESH\GLUIT\DEBUG_STATIC\FREEGLUT_FONT.OBJ
F:\MYPROJECTS\TRIMESH\GLUIT\DEBUG_STATIC\FREEGLUT_FONT_DATA.OBJ
F:\MYPROJECTS\TRIMESH\GLUIT\DEBUG_STATIC\FREEGLUT_GAMEMODE.OBJ
F:\MYPROJECTS\TRIMESH\GLUIT\DEBUG_STATIC\FREEGLUT_GEOMETRY.OBJ
F:\MYPROJECTS\TRIMESH\GLUIT\DEBUG_STATIC\FREEGLUT_GLUTFONT_DEFINITIONS.OBJ
F:\MYPROJECTS\TRIMESH\GLUIT\DEBUG_STATIC\FREEGLUT_INIT.OBJ
F:\MYPROJECTS\TRIMESH\GLUIT\DEBUG_STATIC\FREEGLUT_INPUT_DEVICES.OBJ
F:\MYPROJECTS\TRIMESH\GLUIT\DEBUG_STATIC\FREEGLUT_JOYSTICK.OBJ
F:\MYPROJECTS\TRIMESH\GLUIT\DEBUG_STATIC\FREEGLUT_MAIN.OBJ
F:\MYPROJECTS\TRIMESH\GLUIT\DEBUG_STATIC\FREEGLUT_MENU.OBJ
F:\MYPROJECTS\TRIMESH\GLUIT\DEBUG_STATIC\FREEGLUT_MISC.OBJ
F:\MYPROJECTS\TRIMESH\GLUIT\DEBUG_STATIC\FREEGLUT_OVERLAY.OBJ
F:\MYPROJECTS\TRIMESH\GLUIT\DEBUG_STATIC\FREEGLUT_SPACEBALL.OBJ
F:\MYPROJECTS\TRIMESH\GLUIT\DEBUG_STATIC\FREEGLUT_STATE.OBJ
F:\MyProjects\trimesh\gluit\Debug_Static\freeglut_static.dll.embed.manifest
F:\MYPROJECTS\TRIMESH\GLUIT\DEBUG_STATIC\FREEGLUT_STATIC.DLL.EMBED.MANIFEST.RES
F:\MyProjects\trimesh\gluit\Debug_Static\freeglut_static_manifest.rc
F:\MYPROJECTS\TRIMESH\GLUIT\DEBUG_STATIC\FREEGLUT_STROKE_MONO_ROMAN.OBJ
F:\MYPROJECTS\TRIMESH\GLUIT\DEBUG_STATIC\FREEGLUT_STROKE_ROMAN.OBJ
F:\MYPROJECTS\TRIMESH\GLUIT\DEBUG_STATIC\FREEGLUT_STRUCTURE.OBJ
F:\MYPROJECTS\TRIMESH\GLUIT\DEBUG_STATIC\FREEGLUT_TEAPOT.OBJ
F:\MYPROJECTS\TRIMESH\GLUIT\DEBUG_STATIC\FREEGLUT_VIDEORESIZE.OBJ
F:\MYPROJECTS\TRIMESH\GLUIT\DEBUG_STATIC\FREEGLUT_WINDOW.OBJ
F:\MYPROJECTS\TRIMESH\GLUIT\DEBUG_STATIC\FREEGLUT_XINPUT.OBJ
F:\MyProjects\trimesh\gluit\Debug_Static\lib.command.1.tlog
F:\MyProjects\trimesh\gluit\Debug_Static\Lib-link.read.1.tlog
F:\MyProjects\trimesh\gluit\Debug_Static\Lib-link.write.1.tlog
F:\MyProjects\trimesh\gluit\Debug_Static\link.command.1.tlog
F:\MyProjects\trimesh\gluit\Debug_Static\link.read.1.tlog
F:\MyProjects\trimesh\gluit\Debug_Static\link.write.1.tlog
F:\MyProjects\trimesh\gluit\Debug_Static\rc.command.1.tlog
F:\MyProjects\trimesh\gluit\Debug_Static\rc.read.1.tlog
F:\MyProjects\trimesh\gluit\Debug_Static\rc.write.1.tlog
F:\MyProjects\trimesh\gluit\Debug_Static\vc100.idb
F:\MYPROJECTS\TRIMESH\GLUIT\DEBUG_STATIC\VC100.PDB
F:\MYPROJECTS\TRIMESH\LIB\FREEGLUT_STATIC.LIB
