d:\tobe\opensource\rtsc\glui\debug\vc120.pdb
d:\tobe\opensource\rtsc\glui\debug\vc120.idb
d:\tobe\opensource\rtsc\glui\debug\glui_bitmaps.obj
d:\tobe\opensource\rtsc\glui\debug\glui_bitmap_img_data.obj
d:\tobe\opensource\rtsc\glui\debug\glui_button.obj
d:\tobe\opensource\rtsc\glui\debug\glui_checkbox.obj
d:\tobe\opensource\rtsc\glui\debug\glui_column.obj
d:\tobe\opensource\rtsc\glui\debug\glui_control.obj
d:\tobe\opensource\rtsc\glui\debug\glui_edittext.obj
d:\tobe\opensource\rtsc\glui\debug\glui_listbox.obj
d:\tobe\opensource\rtsc\glui\debug\glui_mouse_iaction.obj
d:\tobe\opensource\rtsc\glui\debug\glui_node.obj
d:\tobe\opensource\rtsc\glui\debug\glui_panel.obj
d:\tobe\opensource\rtsc\glui\debug\glui_quaternion.obj
d:\tobe\opensource\rtsc\glui\debug\glui_radio.obj
d:\tobe\opensource\rtsc\glui\debug\glui_rollout.obj
d:\tobe\opensource\rtsc\glui\debug\glui_rotation.obj
d:\tobe\opensource\rtsc\glui\debug\glui_separator.obj
d:\tobe\opensource\rtsc\glui\debug\glui_slider.obj
d:\tobe\opensource\rtsc\glui\debug\glui_spinner.obj
d:\tobe\opensource\rtsc\glui\debug\glui_statictext.obj
d:\tobe\opensource\rtsc\glui\debug\glui_translation.obj
d:\tobe\opensource\rtsc\glui\debug\glui.obj
d:\tobe\opensource\rtsc\glui\debug\glui_add_controls.obj
d:\tobe\opensource\rtsc\glui\debug\glui_algebra3.obj
d:\tobe\opensource\rtsc\glui\debug\glui_arcball.obj
d:\tobe\opensource\rtsc\glui\debug\glui_img_checkbox_0_dis.obj
d:\tobe\opensource\rtsc\glui\debug\glui_img_checkbox_1.obj
d:\tobe\opensource\rtsc\glui\debug\glui_img_checkbox_1_dis.obj
d:\tobe\opensource\rtsc\glui\debug\glui_img_downarrow.obj
d:\tobe\opensource\rtsc\glui\debug\glui_img_leftarrow.obj
d:\tobe\opensource\rtsc\glui\debug\glui_img_listbox_down.obj
d:\tobe\opensource\rtsc\glui\debug\glui_img_listbox_up.obj
d:\tobe\opensource\rtsc\glui\debug\glui_img_listbox_up_dis.obj
d:\tobe\opensource\rtsc\glui\debug\glui_img_radiobutton_0.obj
d:\tobe\opensource\rtsc\glui\debug\glui_img_radiobutton_0_dis.obj
d:\tobe\opensource\rtsc\glui\debug\glui_img_radiobutton_1.obj
d:\tobe\opensource\rtsc\glui\debug\glui_img_radiobutton_1_dis.obj
d:\tobe\opensource\rtsc\glui\debug\glui_img_rightarrow.obj
d:\tobe\opensource\rtsc\glui\debug\glui_img_spindown_0.obj
d:\tobe\opensource\rtsc\glui\debug\glui_img_spindown_1.obj
d:\tobe\opensource\rtsc\glui\debug\glui_img_spindown_dis.obj
d:\tobe\opensource\rtsc\glui\debug\glui_img_spinup_0.obj
d:\tobe\opensource\rtsc\glui\debug\glui_img_spinup_1.obj
d:\tobe\opensource\rtsc\glui\debug\glui_img_spinup_dis.obj
d:\tobe\opensource\rtsc\glui\debug\glui_img_uparrow.obj
d:\tobe\opensource\rtsc\glui\debug\glui_img_checkbox_0.obj
d:\tobe\bin\debug\glui32.lib
d:\tobe\framework\..\bin\debug\glui32.lib
d:\tobe\opensource\rtsc\glui\debug\glui.tlog\cl.command.1.tlog
d:\tobe\opensource\rtsc\glui\debug\glui.tlog\cl.read.1.tlog
d:\tobe\opensource\rtsc\glui\debug\glui.tlog\cl.write.1.tlog
d:\tobe\opensource\rtsc\glui\debug\glui.tlog\lib-link.read.1.tlog
d:\tobe\opensource\rtsc\glui\debug\glui.tlog\lib-link.write.1.tlog
d:\tobe\opensource\rtsc\glui\debug\glui.tlog\lib.command.1.tlog
