d:\kuaipan\sharebox\809198181@qq.com\吴仝\line\npr\glui\debug\vc120.pdb
d:\kuaipan\sharebox\809198181@qq.com\吴仝\line\npr\glui\debug\vc120.idb
d:\kuaipan\sharebox\809198181@qq.com\吴仝\line\npr\glui\debug\glui_bitmaps.obj
d:\kuaipan\sharebox\809198181@qq.com\吴仝\line\npr\glui\debug\glui_bitmap_img_data.obj
d:\kuaipan\sharebox\809198181@qq.com\吴仝\line\npr\glui\debug\glui_button.obj
d:\kuaipan\sharebox\809198181@qq.com\吴仝\line\npr\glui\debug\glui_checkbox.obj
d:\kuaipan\sharebox\809198181@qq.com\吴仝\line\npr\glui\debug\glui_column.obj
d:\kuaipan\sharebox\809198181@qq.com\吴仝\line\npr\glui\debug\glui_control.obj
d:\kuaipan\sharebox\809198181@qq.com\吴仝\line\npr\glui\debug\glui_edittext.obj
d:\kuaipan\sharebox\809198181@qq.com\吴仝\line\npr\glui\debug\glui_listbox.obj
d:\kuaipan\sharebox\809198181@qq.com\吴仝\line\npr\glui\debug\glui_mouse_iaction.obj
d:\kuaipan\sharebox\809198181@qq.com\吴仝\line\npr\glui\debug\glui_node.obj
d:\kuaipan\sharebox\809198181@qq.com\吴仝\line\npr\glui\debug\glui_panel.obj
d:\kuaipan\sharebox\809198181@qq.com\吴仝\line\npr\glui\debug\glui_quaternion.obj
d:\kuaipan\sharebox\809198181@qq.com\吴仝\line\npr\glui\debug\glui_radio.obj
d:\kuaipan\sharebox\809198181@qq.com\吴仝\line\npr\glui\debug\glui_rollout.obj
d:\kuaipan\sharebox\809198181@qq.com\吴仝\line\npr\glui\debug\glui_rotation.obj
d:\kuaipan\sharebox\809198181@qq.com\吴仝\line\npr\glui\debug\glui_separator.obj
d:\kuaipan\sharebox\809198181@qq.com\吴仝\line\npr\glui\debug\glui_slider.obj
d:\kuaipan\sharebox\809198181@qq.com\吴仝\line\npr\glui\debug\glui_spinner.obj
d:\kuaipan\sharebox\809198181@qq.com\吴仝\line\npr\glui\debug\glui_statictext.obj
d:\kuaipan\sharebox\809198181@qq.com\吴仝\line\npr\glui\debug\glui_translation.obj
d:\kuaipan\sharebox\809198181@qq.com\吴仝\line\npr\glui\debug\glui.obj
d:\kuaipan\sharebox\809198181@qq.com\吴仝\line\npr\glui\debug\glui_add_controls.obj
d:\kuaipan\sharebox\809198181@qq.com\吴仝\line\npr\glui\debug\glui_algebra3.obj
d:\kuaipan\sharebox\809198181@qq.com\吴仝\line\npr\glui\debug\glui_arcball.obj
d:\kuaipan\sharebox\809198181@qq.com\吴仝\line\npr\glui\debug\glui_img_checkbox_0_dis.obj
d:\kuaipan\sharebox\809198181@qq.com\吴仝\line\npr\glui\debug\glui_img_checkbox_1.obj
d:\kuaipan\sharebox\809198181@qq.com\吴仝\line\npr\glui\debug\glui_img_checkbox_1_dis.obj
d:\kuaipan\sharebox\809198181@qq.com\吴仝\line\npr\glui\debug\glui_img_downarrow.obj
d:\kuaipan\sharebox\809198181@qq.com\吴仝\line\npr\glui\debug\glui_img_leftarrow.obj
d:\kuaipan\sharebox\809198181@qq.com\吴仝\line\npr\glui\debug\glui_img_listbox_down.obj
d:\kuaipan\sharebox\809198181@qq.com\吴仝\line\npr\glui\debug\glui_img_listbox_up.obj
d:\kuaipan\sharebox\809198181@qq.com\吴仝\line\npr\glui\debug\glui_img_listbox_up_dis.obj
d:\kuaipan\sharebox\809198181@qq.com\吴仝\line\npr\glui\debug\glui_img_radiobutton_0.obj
d:\kuaipan\sharebox\809198181@qq.com\吴仝\line\npr\glui\debug\glui_img_radiobutton_0_dis.obj
d:\kuaipan\sharebox\809198181@qq.com\吴仝\line\npr\glui\debug\glui_img_radiobutton_1.obj
d:\kuaipan\sharebox\809198181@qq.com\吴仝\line\npr\glui\debug\glui_img_radiobutton_1_dis.obj
d:\kuaipan\sharebox\809198181@qq.com\吴仝\line\npr\glui\debug\glui_img_rightarrow.obj
d:\kuaipan\sharebox\809198181@qq.com\吴仝\line\npr\glui\debug\glui_img_spindown_0.obj
d:\kuaipan\sharebox\809198181@qq.com\吴仝\line\npr\glui\debug\glui_img_spindown_1.obj
d:\kuaipan\sharebox\809198181@qq.com\吴仝\line\npr\glui\debug\glui_img_spindown_dis.obj
d:\kuaipan\sharebox\809198181@qq.com\吴仝\line\npr\glui\debug\glui_img_spinup_0.obj
d:\kuaipan\sharebox\809198181@qq.com\吴仝\line\npr\glui\debug\glui_img_spinup_1.obj
d:\kuaipan\sharebox\809198181@qq.com\吴仝\line\npr\glui\debug\glui_img_spinup_dis.obj
d:\kuaipan\sharebox\809198181@qq.com\吴仝\line\npr\glui\debug\glui_img_uparrow.obj
d:\kuaipan\sharebox\809198181@qq.com\吴仝\line\npr\glui\debug\glui_img_checkbox_0.obj
d:\kuaipan\sharebox\809198181@qq.com\吴仝\line\npr\bin\debug\glui.lib
c:\users\xiaoling\desktop\rtsc\glui\debug\glui.obj
c:\users\xiaoling\desktop\rtsc\glui\debug\glui_add_controls.obj
c:\users\xiaoling\desktop\rtsc\glui\debug\glui_algebra3.obj
c:\users\xiaoling\desktop\rtsc\glui\debug\glui_arcball.obj
c:\users\xiaoling\desktop\rtsc\glui\debug\glui_bitmaps.obj
c:\users\xiaoling\desktop\rtsc\glui\debug\glui_bitmap_img_data.obj
c:\users\xiaoling\desktop\rtsc\glui\debug\glui_button.obj
c:\users\xiaoling\desktop\rtsc\glui\debug\glui_checkbox.obj
c:\users\xiaoling\desktop\rtsc\glui\debug\glui_column.obj
c:\users\xiaoling\desktop\rtsc\glui\debug\glui_control.obj
c:\users\xiaoling\desktop\rtsc\glui\debug\glui_edittext.obj
c:\users\xiaoling\desktop\rtsc\glui\debug\glui_img_checkbox_0.obj
c:\users\xiaoling\desktop\rtsc\glui\debug\glui_img_checkbox_0_dis.obj
c:\users\xiaoling\desktop\rtsc\glui\debug\glui_img_checkbox_1.obj
c:\users\xiaoling\desktop\rtsc\glui\debug\glui_img_checkbox_1_dis.obj
c:\users\xiaoling\desktop\rtsc\glui\debug\glui_img_downarrow.obj
c:\users\xiaoling\desktop\rtsc\glui\debug\glui_img_leftarrow.obj
c:\users\xiaoling\desktop\rtsc\glui\debug\glui_img_listbox_down.obj
c:\users\xiaoling\desktop\rtsc\glui\debug\glui_img_listbox_up.obj
c:\users\xiaoling\desktop\rtsc\glui\debug\glui_img_listbox_up_dis.obj
c:\users\xiaoling\desktop\rtsc\glui\debug\glui_img_radiobutton_0.obj
c:\users\xiaoling\desktop\rtsc\glui\debug\glui_img_radiobutton_0_dis.obj
c:\users\xiaoling\desktop\rtsc\glui\debug\glui_img_radiobutton_1.obj
c:\users\xiaoling\desktop\rtsc\glui\debug\glui_img_radiobutton_1_dis.obj
c:\users\xiaoling\desktop\rtsc\glui\debug\glui_img_rightarrow.obj
c:\users\xiaoling\desktop\rtsc\glui\debug\glui_img_spindown_0.obj
c:\users\xiaoling\desktop\rtsc\glui\debug\glui_img_spindown_1.obj
c:\users\xiaoling\desktop\rtsc\glui\debug\glui_img_spindown_dis.obj
c:\users\xiaoling\desktop\rtsc\glui\debug\glui_img_spinup_0.obj
c:\users\xiaoling\desktop\rtsc\glui\debug\glui_img_spinup_1.obj
c:\users\xiaoling\desktop\rtsc\glui\debug\glui_img_spinup_dis.obj
c:\users\xiaoling\desktop\rtsc\glui\debug\glui_img_uparrow.obj
c:\users\xiaoling\desktop\rtsc\glui\debug\glui_listbox.obj
c:\users\xiaoling\desktop\rtsc\glui\debug\glui_mouse_iaction.obj
c:\users\xiaoling\desktop\rtsc\glui\debug\glui_node.obj
c:\users\xiaoling\desktop\rtsc\glui\debug\glui_panel.obj
c:\users\xiaoling\desktop\rtsc\glui\debug\glui_quaternion.obj
c:\users\xiaoling\desktop\rtsc\glui\debug\glui_radio.obj
c:\users\xiaoling\desktop\rtsc\glui\debug\glui_rollout.obj
c:\users\xiaoling\desktop\rtsc\glui\debug\glui_rotation.obj
c:\users\xiaoling\desktop\rtsc\glui\debug\glui_separator.obj
c:\users\xiaoling\desktop\rtsc\glui\debug\glui_slider.obj
c:\users\xiaoling\desktop\rtsc\glui\debug\glui_spinner.obj
c:\users\xiaoling\desktop\rtsc\glui\debug\glui_statictext.obj
c:\users\xiaoling\desktop\rtsc\glui\debug\glui_translation.obj
c:\users\xiaoling\desktop\rtsc\glui\debug\vc120.idb
c:\users\xiaoling\desktop\rtsc\glui\debug\vc120.pdb
c:\users\xiaoling\desktop\rtsc\glui\debug\glui.tlog\cl.command.1.tlog
c:\users\xiaoling\desktop\rtsc\glui\debug\glui.tlog\cl.read.1.tlog
c:\users\xiaoling\desktop\rtsc\glui\debug\glui.tlog\cl.write.1.tlog
c:\users\xiaoling\desktop\rtsc\glui\debug\glui.tlog\lib-link.read.1.tlog
c:\users\xiaoling\desktop\rtsc\glui\debug\glui.tlog\lib-link.write.1.tlog
c:\users\xiaoling\desktop\rtsc\glui\debug\glui.tlog\lib.command.1.tlog
