c:\快盘\develop\vs2013\huizhaographicresearch\huizhaolinearsystem\trimeshcc\debug\vc120.pdb
c:\快盘\develop\vs2013\huizhaographicresearch\huizhaolinearsystem\trimeshcc\debug\vc120.idb
c:\快盘\develop\vs2013\huizhaographicresearch\huizhaolinearsystem\trimeshcc\debug\kdtree.obj
c:\快盘\develop\vs2013\huizhaographicresearch\huizhaolinearsystem\trimeshcc\debug\trimesh_bounding.obj
c:\快盘\develop\vs2013\huizhaographicresearch\huizhaolinearsystem\trimeshcc\debug\trimesh_connectivity.obj
c:\快盘\develop\vs2013\huizhaographicresearch\huizhaolinearsystem\trimeshcc\debug\trimesh_curvature.obj
c:\快盘\develop\vs2013\huizhaographicresearch\huizhaolinearsystem\trimeshcc\debug\trimesh_grid.obj
c:\快盘\develop\vs2013\huizhaographicresearch\huizhaolinearsystem\trimeshcc\debug\trimesh_io.obj
c:\快盘\develop\vs2013\huizhaographicresearch\huizhaolinearsystem\trimeshcc\debug\trimesh_normals.obj
c:\快盘\develop\vs2013\huizhaographicresearch\huizhaolinearsystem\trimeshcc\debug\trimesh_pointareas.obj
c:\快盘\develop\vs2013\huizhaographicresearch\huizhaolinearsystem\trimeshcc\debug\trimesh_stats.obj
c:\快盘\develop\vs2013\huizhaographicresearch\huizhaolinearsystem\trimeshcc\debug\trimesh_tstrips.obj
c:\快盘\develop\vs2013\huizhaographicresearch\huizhaolinearsystem\trimeshcc\debug\conn_comps.obj
c:\快盘\develop\vs2013\huizhaographicresearch\huizhaolinearsystem\trimeshcc\debug\diffuse.obj
c:\快盘\develop\vs2013\huizhaographicresearch\huizhaolinearsystem\trimeshcc\debug\edgeflip.obj
c:\快盘\develop\vs2013\huizhaographicresearch\huizhaolinearsystem\trimeshcc\debug\faceflip.obj
c:\快盘\develop\vs2013\huizhaographicresearch\huizhaolinearsystem\trimeshcc\debug\filter.obj
c:\快盘\develop\vs2013\huizhaographicresearch\huizhaolinearsystem\trimeshcc\debug\lmsmooth.obj
c:\快盘\develop\vs2013\huizhaographicresearch\huizhaolinearsystem\trimeshcc\debug\overlap.obj
c:\快盘\develop\vs2013\huizhaographicresearch\huizhaolinearsystem\trimeshcc\debug\remove.obj
c:\快盘\develop\vs2013\huizhaographicresearch\huizhaolinearsystem\trimeshcc\debug\reorder_verts.obj
c:\快盘\develop\vs2013\huizhaographicresearch\huizhaolinearsystem\trimeshcc\debug\shared.obj
c:\快盘\develop\vs2013\huizhaographicresearch\huizhaolinearsystem\trimeshcc\debug\subdiv.obj
c:\快盘\develop\vs2013\huizhaographicresearch\huizhaolinearsystem\trimeshcc\debug\glcamera.obj
c:\快盘\develop\vs2013\huizhaographicresearch\huizhaolinearsystem\trimeshcc\debug\icp.obj
c:\快盘\develop\vs2013\huizhaographicresearch\bin\debug\trimeshcc.lib
c:\快盘\develop\vs2013\huizhaographicresearch\huizhaolinearsystem\trimeshcc\..\..\bin\debug\trimeshcc.lib
c:\快盘\develop\vs2013\huizhaographicresearch\huizhaolinearsystem\trimeshcc\debug\trimeshcc.tlog\cl.command.1.tlog
c:\快盘\develop\vs2013\huizhaographicresearch\huizhaolinearsystem\trimeshcc\debug\trimeshcc.tlog\cl.read.1.tlog
c:\快盘\develop\vs2013\huizhaographicresearch\huizhaolinearsystem\trimeshcc\debug\trimeshcc.tlog\cl.write.1.tlog
c:\快盘\develop\vs2013\huizhaographicresearch\huizhaolinearsystem\trimeshcc\debug\trimeshcc.tlog\lib-link.read.1.tlog
c:\快盘\develop\vs2013\huizhaographicresearch\huizhaolinearsystem\trimeshcc\debug\trimeshcc.tlog\lib-link.write.1.tlog
c:\快盘\develop\vs2013\huizhaographicresearch\huizhaolinearsystem\trimeshcc\debug\trimeshcc.tlog\lib.command.1.tlog
