d:\tobe\opensource\rtsc\trimesh\debug\vc120.pdb
d:\tobe\opensource\rtsc\trimesh\debug\vc120.idb
d:\tobe\opensource\rtsc\trimesh\debug\edgeflip.obj
d:\tobe\opensource\rtsc\trimesh\debug\faceflip.obj
d:\tobe\opensource\rtsc\trimesh\debug\filter.obj
d:\tobe\opensource\rtsc\trimesh\debug\glcamera.obj
d:\tobe\opensource\rtsc\trimesh\debug\icp.obj
d:\tobe\opensource\rtsc\trimesh\debug\kdtree.obj
d:\tobe\opensource\rtsc\trimesh\debug\lmsmooth.obj
d:\tobe\opensource\rtsc\trimesh\debug\overlap.obj
d:\tobe\opensource\rtsc\trimesh\debug\remove.obj
d:\tobe\opensource\rtsc\trimesh\debug\reorder_verts.obj
d:\tobe\opensource\rtsc\trimesh\debug\subdiv.obj
d:\tobe\opensource\rtsc\trimesh\debug\trimesh_bounding.obj
d:\tobe\opensource\rtsc\trimesh\debug\trimesh_connectivity.obj
d:\tobe\opensource\rtsc\trimesh\debug\trimesh_curvature.obj
d:\tobe\opensource\rtsc\trimesh\debug\trimesh_grid.obj
d:\tobe\opensource\rtsc\trimesh\debug\trimesh_io.obj
d:\tobe\opensource\rtsc\trimesh\debug\trimesh_normals.obj
d:\tobe\opensource\rtsc\trimesh\debug\trimesh_pointareas.obj
d:\tobe\opensource\rtsc\trimesh\debug\trimesh_stats.obj
d:\tobe\opensource\rtsc\trimesh\debug\trimesh_tstrips.obj
d:\tobe\opensource\rtsc\trimesh\debug\conn_comps.obj
d:\tobe\opensource\rtsc\trimesh\debug\diffuse.obj
d:\tobe\bin\debug\trimesh32.lib
d:\tobe\framework\..\bin\debug\trimesh32.lib
d:\tobe\opensource\rtsc\trimesh\debug\trimesh.tlog\cl.command.1.tlog
d:\tobe\opensource\rtsc\trimesh\debug\trimesh.tlog\cl.read.1.tlog
d:\tobe\opensource\rtsc\trimesh\debug\trimesh.tlog\cl.write.1.tlog
d:\tobe\opensource\rtsc\trimesh\debug\trimesh.tlog\lib-link.read.1.tlog
d:\tobe\opensource\rtsc\trimesh\debug\trimesh.tlog\lib-link.write.1.tlog
d:\tobe\opensource\rtsc\trimesh\debug\trimesh.tlog\lib.command.1.tlog
