c:\users\xiaoling\desktop\rtsc\gluit\debug\vc120.pdb
c:\users\xiaoling\desktop\rtsc\gluit\debug\vc120.idb
c:\users\xiaoling\desktop\rtsc\gluit\debug\freeglut_font_data.obj
c:\users\xiaoling\desktop\rtsc\gluit\debug\freeglut_gamemode.obj
c:\users\xiaoling\desktop\rtsc\gluit\debug\freeglut_geometry.obj
c:\users\xiaoling\desktop\rtsc\gluit\debug\freeglut_glutfont_definitions.obj
c:\users\xiaoling\desktop\rtsc\gluit\debug\freeglut_init.obj
c:\users\xiaoling\desktop\rtsc\gluit\debug\freeglut_input_devices.obj
c:\users\xiaoling\desktop\rtsc\gluit\debug\freeglut_joystick.obj
c:\users\xiaoling\desktop\rtsc\gluit\debug\freeglut_main.obj
c:\users\xiaoling\desktop\rtsc\gluit\debug\freeglut_menu.obj
c:\users\xiaoling\desktop\rtsc\gluit\debug\freeglut_misc.obj
c:\users\xiaoling\desktop\rtsc\gluit\debug\freeglut_overlay.obj
c:\users\xiaoling\desktop\rtsc\gluit\debug\freeglut_spaceball.obj
c:\users\xiaoling\desktop\rtsc\gluit\debug\freeglut_state.obj
c:\users\xiaoling\desktop\rtsc\gluit\debug\freeglut_stroke_mono_roman.obj
c:\users\xiaoling\desktop\rtsc\gluit\debug\freeglut_stroke_roman.obj
c:\users\xiaoling\desktop\rtsc\gluit\debug\freeglut_structure.obj
c:\users\xiaoling\desktop\rtsc\gluit\debug\freeglut_teapot.obj
c:\users\xiaoling\desktop\rtsc\gluit\debug\freeglut_videoresize.obj
c:\users\xiaoling\desktop\rtsc\gluit\debug\freeglut_window.obj
c:\users\xiaoling\desktop\rtsc\gluit\debug\freeglut_xinput.obj
c:\users\xiaoling\desktop\rtsc\gluit\debug\freeglut_callbacks.obj
c:\users\xiaoling\desktop\rtsc\gluit\debug\freeglut_cursor.obj
c:\users\xiaoling\desktop\rtsc\gluit\debug\freeglut_display.obj
c:\users\xiaoling\desktop\rtsc\gluit\debug\freeglut_ext.obj
c:\users\xiaoling\desktop\rtsc\gluit\debug\freeglut_font.obj
c:\users\xiaoling\desktop\rtsc\gluit\debug\gluit.tlog\cl.command.1.tlog
c:\users\xiaoling\desktop\rtsc\gluit\debug\gluit.tlog\cl.read.1.tlog
c:\users\xiaoling\desktop\rtsc\gluit\debug\gluit.tlog\cl.write.1.tlog
c:\users\xiaoling\desktop\rtsc\gluit\debug\gluit.tlog\link.command.1.tlog
c:\users\xiaoling\desktop\rtsc\gluit\debug\gluit.tlog\link.read.1.tlog
c:\users\xiaoling\desktop\rtsc\gluit\debug\gluit.tlog\link.write.1.tlog
