d:\tobe\opensource\rtsc\gluit\debug\vc120.pdb
d:\tobe\opensource\rtsc\gluit\debug\vc120.idb
d:\tobe\opensource\rtsc\gluit\debug\freeglut_font_data.obj
d:\tobe\opensource\rtsc\gluit\debug\freeglut_gamemode.obj
d:\tobe\opensource\rtsc\gluit\debug\freeglut_geometry.obj
d:\tobe\opensource\rtsc\gluit\debug\freeglut_glutfont_definitions.obj
d:\tobe\opensource\rtsc\gluit\debug\freeglut_init.obj
d:\tobe\opensource\rtsc\gluit\debug\freeglut_input_devices.obj
d:\tobe\opensource\rtsc\gluit\debug\freeglut_joystick.obj
d:\tobe\opensource\rtsc\gluit\debug\freeglut_main.obj
d:\tobe\opensource\rtsc\gluit\debug\freeglut_menu.obj
d:\tobe\opensource\rtsc\gluit\debug\freeglut_misc.obj
d:\tobe\opensource\rtsc\gluit\debug\freeglut_overlay.obj
d:\tobe\opensource\rtsc\gluit\debug\freeglut_spaceball.obj
d:\tobe\opensource\rtsc\gluit\debug\freeglut_state.obj
d:\tobe\opensource\rtsc\gluit\debug\freeglut_stroke_mono_roman.obj
d:\tobe\opensource\rtsc\gluit\debug\freeglut_stroke_roman.obj
d:\tobe\opensource\rtsc\gluit\debug\freeglut_structure.obj
d:\tobe\opensource\rtsc\gluit\debug\freeglut_teapot.obj
d:\tobe\opensource\rtsc\gluit\debug\freeglut_videoresize.obj
d:\tobe\opensource\rtsc\gluit\debug\freeglut_window.obj
d:\tobe\opensource\rtsc\gluit\debug\freeglut_xinput.obj
d:\tobe\opensource\rtsc\gluit\debug\freeglut_callbacks.obj
d:\tobe\opensource\rtsc\gluit\debug\freeglut_cursor.obj
d:\tobe\opensource\rtsc\gluit\debug\freeglut_display.obj
d:\tobe\opensource\rtsc\gluit\debug\freeglut_ext.obj
d:\tobe\opensource\rtsc\gluit\debug\freeglut_font.obj
d:\tobe\bin\debug\freeglut.lib
d:\tobe\bin\debug\freeglut.exp
d:\tobe\bin\debug\freeglut.ilk
d:\tobe\bin\debug\freeglut.dll
d:\tobe\bin\debug\freeglut.pdb
d:\tobe\framework\..\bin\debug\freeglut.pdb
d:\tobe\framework\..\bin\debug\freeglut.dll
d:\tobe\framework\..\bin\debug\freeglut.ilk
d:\tobe\opensource\rtsc\gluit\debug\gluit.tlog\cl.command.1.tlog
d:\tobe\opensource\rtsc\gluit\debug\gluit.tlog\cl.read.1.tlog
d:\tobe\opensource\rtsc\gluit\debug\gluit.tlog\cl.write.1.tlog
d:\tobe\opensource\rtsc\gluit\debug\gluit.tlog\gluit.write.1u.tlog
d:\tobe\opensource\rtsc\gluit\debug\gluit.tlog\link.command.1.tlog
d:\tobe\opensource\rtsc\gluit\debug\gluit.tlog\link.read.1.tlog
d:\tobe\opensource\rtsc\gluit\debug\gluit.tlog\link.write.1.tlog
