c:\快盘\develop\vs2013\huizhaographicresearch\opensource\rtsc\glui\x64\debug\vc120.pdb
c:\快盘\develop\vs2013\huizhaographicresearch\opensource\rtsc\glui\x64\debug\vc120.idb
c:\快盘\develop\vs2013\huizhaographicresearch\opensource\rtsc\glui\x64\debug\glui_bitmaps.obj
c:\快盘\develop\vs2013\huizhaographicresearch\opensource\rtsc\glui\x64\debug\glui_bitmap_img_data.obj
c:\快盘\develop\vs2013\huizhaographicresearch\opensource\rtsc\glui\x64\debug\glui_button.obj
c:\快盘\develop\vs2013\huizhaographicresearch\opensource\rtsc\glui\x64\debug\glui_checkbox.obj
c:\快盘\develop\vs2013\huizhaographicresearch\opensource\rtsc\glui\x64\debug\glui_column.obj
c:\快盘\develop\vs2013\huizhaographicresearch\opensource\rtsc\glui\x64\debug\glui_control.obj
c:\快盘\develop\vs2013\huizhaographicresearch\opensource\rtsc\glui\x64\debug\glui_edittext.obj
c:\快盘\develop\vs2013\huizhaographicresearch\opensource\rtsc\glui\x64\debug\glui_listbox.obj
c:\快盘\develop\vs2013\huizhaographicresearch\opensource\rtsc\glui\x64\debug\glui_mouse_iaction.obj
c:\快盘\develop\vs2013\huizhaographicresearch\opensource\rtsc\glui\x64\debug\glui_node.obj
c:\快盘\develop\vs2013\huizhaographicresearch\opensource\rtsc\glui\x64\debug\glui_panel.obj
c:\快盘\develop\vs2013\huizhaographicresearch\opensource\rtsc\glui\x64\debug\glui_quaternion.obj
c:\快盘\develop\vs2013\huizhaographicresearch\opensource\rtsc\glui\x64\debug\glui_radio.obj
c:\快盘\develop\vs2013\huizhaographicresearch\opensource\rtsc\glui\x64\debug\glui_rollout.obj
c:\快盘\develop\vs2013\huizhaographicresearch\opensource\rtsc\glui\x64\debug\glui_rotation.obj
c:\快盘\develop\vs2013\huizhaographicresearch\opensource\rtsc\glui\x64\debug\glui_separator.obj
c:\快盘\develop\vs2013\huizhaographicresearch\opensource\rtsc\glui\x64\debug\glui_slider.obj
c:\快盘\develop\vs2013\huizhaographicresearch\opensource\rtsc\glui\x64\debug\glui_spinner.obj
c:\快盘\develop\vs2013\huizhaographicresearch\opensource\rtsc\glui\x64\debug\glui_statictext.obj
c:\快盘\develop\vs2013\huizhaographicresearch\opensource\rtsc\glui\x64\debug\glui_translation.obj
c:\快盘\develop\vs2013\huizhaographicresearch\opensource\rtsc\glui\x64\debug\glui.obj
c:\快盘\develop\vs2013\huizhaographicresearch\opensource\rtsc\glui\x64\debug\glui_add_controls.obj
c:\快盘\develop\vs2013\huizhaographicresearch\opensource\rtsc\glui\x64\debug\glui_algebra3.obj
c:\快盘\develop\vs2013\huizhaographicresearch\opensource\rtsc\glui\x64\debug\glui_arcball.obj
c:\快盘\develop\vs2013\huizhaographicresearch\opensource\rtsc\glui\x64\debug\glui_img_checkbox_0_dis.obj
c:\快盘\develop\vs2013\huizhaographicresearch\opensource\rtsc\glui\x64\debug\glui_img_checkbox_1.obj
c:\快盘\develop\vs2013\huizhaographicresearch\opensource\rtsc\glui\x64\debug\glui_img_checkbox_1_dis.obj
c:\快盘\develop\vs2013\huizhaographicresearch\opensource\rtsc\glui\x64\debug\glui_img_downarrow.obj
c:\快盘\develop\vs2013\huizhaographicresearch\opensource\rtsc\glui\x64\debug\glui_img_leftarrow.obj
c:\快盘\develop\vs2013\huizhaographicresearch\opensource\rtsc\glui\x64\debug\glui_img_listbox_down.obj
c:\快盘\develop\vs2013\huizhaographicresearch\opensource\rtsc\glui\x64\debug\glui_img_listbox_up.obj
c:\快盘\develop\vs2013\huizhaographicresearch\opensource\rtsc\glui\x64\debug\glui_img_listbox_up_dis.obj
c:\快盘\develop\vs2013\huizhaographicresearch\opensource\rtsc\glui\x64\debug\glui_img_radiobutton_0.obj
c:\快盘\develop\vs2013\huizhaographicresearch\opensource\rtsc\glui\x64\debug\glui_img_radiobutton_0_dis.obj
c:\快盘\develop\vs2013\huizhaographicresearch\opensource\rtsc\glui\x64\debug\glui_img_radiobutton_1.obj
c:\快盘\develop\vs2013\huizhaographicresearch\opensource\rtsc\glui\x64\debug\glui_img_radiobutton_1_dis.obj
c:\快盘\develop\vs2013\huizhaographicresearch\opensource\rtsc\glui\x64\debug\glui_img_rightarrow.obj
c:\快盘\develop\vs2013\huizhaographicresearch\opensource\rtsc\glui\x64\debug\glui_img_spindown_0.obj
c:\快盘\develop\vs2013\huizhaographicresearch\opensource\rtsc\glui\x64\debug\glui_img_spindown_1.obj
c:\快盘\develop\vs2013\huizhaographicresearch\opensource\rtsc\glui\x64\debug\glui_img_spindown_dis.obj
c:\快盘\develop\vs2013\huizhaographicresearch\opensource\rtsc\glui\x64\debug\glui_img_spinup_0.obj
c:\快盘\develop\vs2013\huizhaographicresearch\opensource\rtsc\glui\x64\debug\glui_img_spinup_1.obj
c:\快盘\develop\vs2013\huizhaographicresearch\opensource\rtsc\glui\x64\debug\glui_img_spinup_dis.obj
c:\快盘\develop\vs2013\huizhaographicresearch\opensource\rtsc\glui\x64\debug\glui_img_uparrow.obj
c:\快盘\develop\vs2013\huizhaographicresearch\opensource\rtsc\glui\x64\debug\glui_img_checkbox_0.obj
c:\快盘\develop\vs2013\huizhaographicresearch\bin\debug\glui64.lib
c:\快盘\develop\vs2013\huizhaographicresearch\framework\..\bin\debug\glui64.lib
c:\快盘\develop\vs2013\huizhaographicresearch\opensource\rtsc\glui\x64\debug\glui.tlog\cl.command.1.tlog
c:\快盘\develop\vs2013\huizhaographicresearch\opensource\rtsc\glui\x64\debug\glui.tlog\cl.read.1.tlog
c:\快盘\develop\vs2013\huizhaographicresearch\opensource\rtsc\glui\x64\debug\glui.tlog\cl.write.1.tlog
c:\快盘\develop\vs2013\huizhaographicresearch\opensource\rtsc\glui\x64\debug\glui.tlog\lib-link.read.1.tlog
c:\快盘\develop\vs2013\huizhaographicresearch\opensource\rtsc\glui\x64\debug\glui.tlog\lib-link.write.1.tlog
c:\快盘\develop\vs2013\huizhaographicresearch\opensource\rtsc\glui\x64\debug\glui.tlog\lib.command.1.tlog
