d:\tobe\opensource\rtsc\rtsc\debug\vc120.pdb
d:\tobe\opensource\rtsc\rtsc\debug\stdafx.obj
d:\tobe\opensource\rtsc\rtsc\debug\rtsc.obj
d:\tobe\opensource\rtsc\rtsc\debug\assemblyinfo.obj
d:\tobe\opensource\rtsc\rtsc\debug\apparentridge.obj
d:\tobe\opensource\rtsc\rtsc\debug\.netframework,version=v4.0.assemblyattributes.obj
d:\tobe\bin\debug\rtsc32.dll
d:\tobe\bin\debug\rtsc32.pdb
d:\tobe\opensource\rtsc\rtsc\debug\rtsc.tlog\metagen.write.1.tlog
d:\tobe\opensource\rtsc\rtsc\debug\rtsc.vcxprojresolveassemblyreference.cache
d:\tobe\framework\..\bin\debug\rtsc32.pdb
d:\tobe\framework\..\bin\debug\rtsc32.dll
d:\tobe\opensource\rtsc\rtsc\debug\rtsc.tlog\cl.command.1.tlog
d:\tobe\opensource\rtsc\rtsc\debug\rtsc.tlog\cl.read.1.tlog
d:\tobe\opensource\rtsc\rtsc\debug\rtsc.tlog\cl.write.1.tlog
d:\tobe\opensource\rtsc\rtsc\debug\rtsc.tlog\link.command.1.tlog
d:\tobe\opensource\rtsc\rtsc\debug\rtsc.tlog\link.read.1.tlog
d:\tobe\opensource\rtsc\rtsc\debug\rtsc.tlog\link.write.1.tlog
d:\tobe\opensource\rtsc\rtsc\debug\rtsc.tlog\metagen.read.1.tlog
d:\tobe\opensource\rtsc\rtsc\debug\rtsc.tlog\huizhaobasicmesh.dll.metagen
d:\tobe\opensource\rtsc\rtsc\debug\rtsc.tlog\tzres.dll.bi
