c:\users\xiaoling\desktop\rtsc\rtsc\debug\vc120.pdb
c:\users\xiaoling\desktop\rtsc\rtsc\debug\stdafx.obj
c:\users\xiaoling\desktop\rtsc\rtsc\debug\rtsc.obj
c:\users\xiaoling\desktop\rtsc\rtsc\debug\assemblyinfo.obj
c:\users\xiaoling\desktop\rtsc\rtsc\debug\apparentridge.obj
c:\users\xiaoling\desktop\rtsc\rtsc\debug\.netframework,version=v4.0.assemblyattributes.obj
c:\users\xiaoling\desktop\rtsc\rtsc\debug\rtsc.tlog\metagen.write.1.tlog
c:\users\xiaoling\desktop\rtsc\bin\debug\huizhaobasicmesh.dll
c:\users\xiaoling\desktop\rtsc\bin\debug\huizhaobasicmesh.pdb
c:\users\xiaoling\desktop\rtsc\rtsc\debug\rtsc.tlog\cl.command.1.tlog
c:\users\xiaoling\desktop\rtsc\rtsc\debug\rtsc.tlog\cl.read.1.tlog
c:\users\xiaoling\desktop\rtsc\rtsc\debug\rtsc.tlog\cl.write.1.tlog
c:\users\xiaoling\desktop\rtsc\rtsc\debug\rtsc.tlog\link.command.1.tlog
c:\users\xiaoling\desktop\rtsc\rtsc\debug\rtsc.tlog\link.read.1.tlog
c:\users\xiaoling\desktop\rtsc\rtsc\debug\rtsc.tlog\link.write.1.tlog
c:\users\xiaoling\desktop\rtsc\rtsc\debug\rtsc.tlog\metagen.read.1.tlog
c:\users\xiaoling\desktop\rtsc\rtsc\debug\rtsc.tlog\rtsc.write.1u.tlog
c:\users\xiaoling\desktop\rtsc\rtsc\debug\rtsc.tlog\huizhaobasicmesh.dll.metagen
c:\users\xiaoling\desktop\rtsc\rtsc\debug\rtsc.tlog\rsaenh.dll.bi
c:\users\xiaoling\desktop\rtsc\rtsc\debug\rtsc.tlog\tzres.dll.bi
